TN:
SF:/Users/farid/Desktop/Новая папка/src/index.js
FN:7,(anonymous_0)
FN:10,login
FN:11,(anonymous_2)
FN:15,(anonymous_3)
FN:25,callAPI
FN:26,(anonymous_5)
FN:46,(anonymous_6)
FN:63,(anonymous_7)
FN:64,(anonymous_8)
FN:71,(anonymous_9)
FN:74,(anonymous_10)
FN:81,(anonymous_11)
FN:89,(anonymous_12)
FN:103,(anonymous_13)
FN:108,(anonymous_14)
FN:112,(anonymous_15)
FN:116,(anonymous_16)
FN:155,dragStart
FN:169,dragEnter
FN:173,dragOver
FN:177,dropElement
FN:213,(anonymous_21)
FN:231,(anonymous_22)
FN:240,(anonymous_23)
FNF:24
FNH:4
FNDA:1,(anonymous_0)
FNDA:1,login
FNDA:1,(anonymous_2)
FNDA:0,(anonymous_3)
FNDA:0,callAPI
FNDA:0,(anonymous_5)
FNDA:0,(anonymous_6)
FNDA:0,(anonymous_7)
FNDA:0,(anonymous_8)
FNDA:1,(anonymous_9)
FNDA:0,(anonymous_10)
FNDA:0,(anonymous_11)
FNDA:0,(anonymous_12)
FNDA:0,(anonymous_13)
FNDA:0,(anonymous_14)
FNDA:0,(anonymous_15)
FNDA:0,(anonymous_16)
FNDA:0,dragStart
FNDA:0,dragEnter
FNDA:0,dragOver
FNDA:0,dropElement
FNDA:0,(anonymous_21)
FNDA:0,(anonymous_22)
FNDA:0,(anonymous_23)
DA:1,1
DA:3,1
DA:8,1
DA:11,1
DA:12,1
DA:15,0
DA:16,0
DA:17,0
DA:19,0
DA:26,0
DA:27,0
DA:28,0
DA:29,0
DA:30,0
DA:31,0
DA:33,0
DA:34,0
DA:36,0
DA:37,0
DA:39,0
DA:40,0
DA:41,0
DA:42,0
DA:46,0
DA:47,0
DA:48,0
DA:50,0
DA:51,0
DA:52,0
DA:59,1
DA:60,1
DA:62,1
DA:63,0
DA:65,0
DA:66,0
DA:67,0
DA:69,0
DA:71,1
DA:75,0
DA:77,0
DA:82,0
DA:84,0
DA:90,0
DA:91,0
DA:92,0
DA:93,0
DA:94,0
DA:95,0
DA:96,0
DA:97,0
DA:98,0
DA:99,0
DA:100,0
DA:103,0
DA:104,0
DA:105,0
DA:108,0
DA:109,0
DA:112,0
DA:113,0
DA:116,0
DA:117,0
DA:118,0
DA:119,0
DA:120,0
DA:121,0
DA:122,0
DA:123,0
DA:125,0
DA:126,0
DA:128,0
DA:129,0
DA:130,0
DA:131,0
DA:134,0
DA:135,0
DA:136,0
DA:138,0
DA:139,0
DA:141,0
DA:142,0
DA:143,0
DA:144,0
DA:152,0
DA:153,0
DA:157,0
DA:158,0
DA:160,0
DA:161,0
DA:163,0
DA:164,0
DA:166,0
DA:170,0
DA:174,0
DA:178,0
DA:179,0
DA:181,0
DA:182,0
DA:184,0
DA:185,0
DA:186,0
DA:187,0
DA:188,0
DA:190,0
DA:191,0
DA:192,0
DA:193,0
DA:197,0
DA:198,0
DA:199,0
DA:200,0
DA:201,0
DA:203,0
DA:204,0
DA:205,0
DA:206,0
DA:214,0
DA:215,0
DA:217,0
DA:218,0
DA:219,0
DA:220,0
DA:223,0
DA:224,0
DA:225,0
DA:226,0
DA:232,0
DA:233,0
DA:234,0
DA:235,0
DA:237,0
DA:241,0
DA:242,0
DA:247,1
LF:134
LH:10
BRDA:16,0,0,0
BRDA:16,0,1,0
BRDA:29,1,0,0
BRDA:29,1,1,0
BRDA:29,2,0,0
BRDA:29,2,1,0
BRDA:41,3,0,0
BRDA:41,3,1,0
BRDA:41,4,0,0
BRDA:41,4,1,0
BRDA:47,5,0,0
BRDA:47,5,1,0
BRDA:65,6,0,0
BRDA:65,6,1,0
BRDA:120,7,0,0
BRDA:120,7,1,0
BRDA:121,8,0,0
BRDA:121,8,1,0
BRDA:129,9,0,0
BRDA:129,9,1,0
BRDA:134,10,0,0
BRDA:134,10,1,0
BRDA:142,11,0,0
BRDA:142,11,1,0
BRDA:184,12,0,0
BRDA:184,12,1,0
BRDA:191,13,0,0
BRDA:191,13,1,0
BRDA:197,14,0,0
BRDA:197,14,1,0
BRDA:204,15,0,0
BRDA:204,15,1,0
BRDA:219,16,0,0
BRDA:219,16,1,0
BRDA:225,17,0,0
BRDA:225,17,1,0
BRDA:234,18,0,0
BRDA:234,18,1,0
BRDA:241,19,0,0
BRDA:241,19,1,0
BRDA:242,20,0,0
BRDA:242,20,1,0
BRF:42
BRH:0
end_of_record
